<?xml version="1.0" encoding="utf-8"?><testsuites name="pytest tests"><testsuite name="pytest" errors="0" failures="0" skipped="0" tests="21" time="0.029" timestamp="2025-12-02T15:49:25.429952+01:00" hostname="10981923c2e0"><testcase classname="Test.bmi_test.TestÄKBMI" name="test_tc01_adipositas" time="0.000" /><testcase classname="Test.bmi_test.TestÄKBMI" name="test_tc02_Normalgewicht" time="0.000" /><testcase classname="Test.bmi_test.TestÄKBMI" name="test_tc03_Übergewicht" time="0.000" /><testcase classname="Test.bmi_test.TestÄKBMI" name="test_tc04_Adipositas" time="0.000" /><testcase classname="Test.bmi_test.TestGrenzwertBMI" name="test_tc05_grenzwert_ug_normal" time="0.000" /><testcase classname="Test.bmi_test.TestGrenzwertBMI" name="test_tc06_grenzwert_normal_üg" time="0.000" /><testcase classname="Test.bmi_test.TestGrenzwertBMI" name="test_tc07_grenzwert_üg_adipositas" time="0.000" /><testcase classname="Test.bmi_test.TestGrenzwertBMI" name="test_tc08_grenzwert_adipositas" time="0.000" /><testcase classname="Test.bmi_test.TestBerechnungBMI" name="test_tc01_berechnung_untergewicht" time="0.000" /><testcase classname="Test.bmi_test.TestBerechnungBMI" name="test_tc01_berechnung_normalgewicht" time="0.000" /><testcase classname="Test.bmi_test.TestBerechnungBMI" name="test_tc01_berechnung_ubergewicht" time="0.000" /><testcase classname="Test.bmi_test.TestBerechnungBMI" name="test_tc01_berechnung_adipositas" time="0.000" /><testcase classname="Test.bmi_test.TestEingabevalidierung" name="test_tc09_gewicht_null" time="0.000" /><testcase classname="Test.bmi_test.TestEingabevalidierung" name="test_tc10_gewicht_negativ" time="0.000" /><testcase classname="Test.bmi_test.TestEingabevalidierung" name="test_tc11_groesse_null" time="0.000" /><testcase classname="Test.bmi_test.TestEingabevalidierung" name="test_tc12_groesse_negativ" time="0.000" /><testcase classname="Test.bmi_test.TestEingabevalidierung" name="test_tc13_gewicht_nan" time="0.000" /><testcase classname="Test.bmi_test.TestIntergrationBerechneundKategorisiereBMI" name="test_tc01_untergewicht" time="0.000" /><testcase classname="Test.bmi_test.TestIntergrationBerechneundKategorisiereBMI" name="test_tc02_normalgewicht" time="0.000" /><testcase classname="Test.bmi_test.TestIntergrationBerechneundKategorisiereBMI" name="test_tc03_ubergewicht" time="0.000" /><testcase classname="Test.bmi_test.TestIntergrationBerechneundKategorisiereBMI" name="test_tc04_adipositas" time="0.000" /></testsuite></testsuites>